{"C:\\Users\\BRENDA\\Downloads\\MVT-Noticias\\src\\news\\model\\NewsModel.ts": {"path":"C:\\Users\\BRENDA\\Downloads\\MVT-Noticias\\src\\news\\model\\NewsModel.ts","statementMap":{"0":{"start":{"line":2,"column":0},"end":{"line":2,"column":52}},"1":{"start":{"line":5,"column":24},"end":{"line":14,"column":3}},"2":{"start":{"line":6,"column":4},"end":{"line":13,"column":8}},"3":{"start":{"line":6,"column":33},"end":{"line":13,"column":6}},"4":{"start":{"line":9,"column":47},"end":{"line":12,"column":8}},"5":{"start":{"line":16,"column":30},"end":{"line":21,"column":3}},"6":{"start":{"line":17,"column":4},"end":{"line":17,"column":28}},"7":{"start":{"line":17,"column":16},"end":{"line":17,"column":28}},"8":{"start":{"line":18,"column":4},"end":{"line":20,"column":6}},"9":{"start":{"line":19,"column":6},"end":{"line":19,"column":57}},"10":{"start":{"line":23,"column":21},"end":{"line":47,"column":3}},"11":{"start":{"line":28,"column":57},"end":{"line":28,"column":64}},"12":{"start":{"line":30,"column":18},"end":{"line":30,"column":35}},"13":{"start":{"line":31,"column":4},"end":{"line":31,"column":59}},"14":{"start":{"line":33,"column":22},"end":{"line":33,"column":36}},"15":{"start":{"line":34,"column":23},"end":{"line":34,"column":54}},"16":{"start":{"line":36,"column":18},"end":{"line":36,"column":39}},"17":{"start":{"line":37,"column":16},"end":{"line":37,"column":32}},"18":{"start":{"line":39,"column":21},"end":{"line":39,"column":46}},"19":{"start":{"line":41,"column":4},"end":{"line":46,"column":6}},"20":{"start":{"line":49,"column":32},"end":{"line":74,"column":3}},"21":{"start":{"line":50,"column":39},"end":{"line":50,"column":41}},"22":{"start":{"line":52,"column":4},"end":{"line":55,"column":5}},"23":{"start":{"line":53,"column":6},"end":{"line":53,"column":20}},"24":{"start":{"line":54,"column":6},"end":{"line":54,"column":22}},"25":{"start":{"line":57,"column":16},"end":{"line":57,"column":69}},"26":{"start":{"line":58,"column":14},"end":{"line":58,"column":76}},"27":{"start":{"line":60,"column":4},"end":{"line":62,"column":5}},"28":{"start":{"line":61,"column":6},"end":{"line":61,"column":45}},"29":{"start":{"line":64,"column":4},"end":{"line":66,"column":5}},"30":{"start":{"line":64,"column":17},"end":{"line":64,"column":22}},"31":{"start":{"line":65,"column":6},"end":{"line":65,"column":20}},"32":{"start":{"line":68,"column":4},"end":{"line":71,"column":5}},"33":{"start":{"line":69,"column":6},"end":{"line":69,"column":22}},"34":{"start":{"line":70,"column":6},"end":{"line":70,"column":29}},"35":{"start":{"line":73,"column":4},"end":{"line":73,"column":17}},"36":{"start":{"line":4,"column":0},"end":{"line":4,"column":21}}},"fnMap":{"0":{"name":"(anonymous_1)","decl":{"start":{"line":5,"column":24},"end":{"line":5,"column":35}},"loc":{"start":{"line":5,"column":37},"end":{"line":14,"column":3}}},"1":{"name":"(anonymous_2)","decl":{"start":{"line":6,"column":25},"end":{"line":6,"column":26}},"loc":{"start":{"line":6,"column":33},"end":{"line":13,"column":6}}},"2":{"name":"(anonymous_3)","decl":{"start":{"line":9,"column":39},"end":{"line":9,"column":40}},"loc":{"start":{"line":9,"column":47},"end":{"line":12,"column":8}}},"3":{"name":"(anonymous_4)","decl":{"start":{"line":16,"column":30},"end":{"line":16,"column":31}},"loc":{"start":{"line":16,"column":70},"end":{"line":21,"column":3}}},"4":{"name":"(anonymous_5)","decl":{"start":{"line":18,"column":23},"end":{"line":18,"column":24}},"loc":{"start":{"line":19,"column":6},"end":{"line":19,"column":57}}},"5":{"name":"(anonymous_6)","decl":{"start":{"line":23,"column":21},"end":{"line":23,"column":22}},"loc":{"start":{"line":27,"column":7},"end":{"line":47,"column":3}}},"6":{"name":"(anonymous_7)","decl":{"start":{"line":49,"column":32},"end":{"line":49,"column":33}},"loc":{"start":{"line":49,"column":113},"end":{"line":74,"column":3}}}},"branchMap":{"0":{"loc":{"start":{"line":17,"column":4},"end":{"line":17,"column":28}},"type":"if","locations":[{"start":{"line":17,"column":4},"end":{"line":17,"column":28}},{"start":{},"end":{}}]},"1":{"loc":{"start":{"line":28,"column":12},"end":{"line":28,"column":28}},"type":"default-arg","locations":[{"start":{"line":28,"column":26},"end":{"line":28,"column":28}}]},"2":{"loc":{"start":{"line":28,"column":30},"end":{"line":28,"column":38}},"type":"default-arg","locations":[{"start":{"line":28,"column":37},"end":{"line":28,"column":38}}]},"3":{"loc":{"start":{"line":28,"column":40},"end":{"line":28,"column":52}},"type":"default-arg","locations":[{"start":{"line":28,"column":51},"end":{"line":28,"column":52}}]},"4":{"loc":{"start":{"line":49,"column":74},"end":{"line":49,"column":88}},"type":"default-arg","locations":[{"start":{"line":49,"column":87},"end":{"line":49,"column":88}}]},"5":{"loc":{"start":{"line":52,"column":4},"end":{"line":55,"column":5}},"type":"if","locations":[{"start":{"line":52,"column":4},"end":{"line":55,"column":5}},{"start":{},"end":{}}]},"6":{"loc":{"start":{"line":60,"column":4},"end":{"line":62,"column":5}},"type":"if","locations":[{"start":{"line":60,"column":4},"end":{"line":62,"column":5}},{"start":{},"end":{}}]},"7":{"loc":{"start":{"line":68,"column":4},"end":{"line":71,"column":5}},"type":"if","locations":[{"start":{"line":68,"column":4},"end":{"line":71,"column":5}},{"start":{},"end":{}}]}},"s":{"0":1,"1":8,"2":6,"3":24,"4":12,"5":8,"6":4,"7":2,"8":2,"9":8,"10":8,"11":4,"12":4,"13":4,"14":4,"15":4,"16":4,"17":4,"18":4,"19":4,"20":8,"21":7,"22":7,"23":2,"24":2,"25":7,"26":7,"27":7,"28":5,"29":7,"30":7,"31":18,"32":7,"33":1,"34":1,"35":7,"36":1},"f":{"0":6,"1":24,"2":12,"3":4,"4":8,"5":4,"6":7},"b":{"0":[2,2],"1":[2],"2":[3],"3":[3],"4":[7],"5":[2,5],"6":[5,2],"7":[1,6]}}
,"C:\\Users\\BRENDA\\Downloads\\MVT-Noticias\\src\\post\\model\\PostModel.ts": {"path":"C:\\Users\\BRENDA\\Downloads\\MVT-Noticias\\src\\post\\model\\PostModel.ts","statementMap":{"0":{"start":{"line":5,"column":24},"end":{"line":32,"column":3}},"1":{"start":{"line":12,"column":18},"end":{"line":12,"column":28}},"2":{"start":{"line":13,"column":24},"end":{"line":13,"column":86}},"3":{"start":{"line":15,"column":39},"end":{"line":19,"column":7}},"4":{"start":{"line":15,"column":77},"end":{"line":19,"column":6}},"5":{"start":{"line":21,"column":26},"end":{"line":29,"column":6}},"6":{"start":{"line":31,"column":4},"end":{"line":31,"column":19}},"7":{"start":{"line":4,"column":0},"end":{"line":4,"column":21}}},"fnMap":{"0":{"name":"(anonymous_0)","decl":{"start":{"line":5,"column":24},"end":{"line":5,"column":25}},"loc":{"start":{"line":11,"column":13},"end":{"line":32,"column":3}}},"1":{"name":"(anonymous_1)","decl":{"start":{"line":15,"column":69},"end":{"line":15,"column":70}},"loc":{"start":{"line":15,"column":77},"end":{"line":19,"column":6}}}},"branchMap":{"0":{"loc":{"start":{"line":15,"column":40},"end":{"line":15,"column":63}},"type":"binary-expr","locations":[{"start":{"line":15,"column":40},"end":{"line":15,"column":57}},{"start":{"line":15,"column":61},"end":{"line":15,"column":63}}]}},"s":{"0":3,"1":3,"2":3,"3":3,"4":3,"5":3,"6":3,"7":1},"f":{"0":3,"1":3},"b":{"0":[3,1]}}
}
