{"C:\\Users\\BRENDA\\Downloads\\MVT-Noticias\\src\\index.ts": {"path":"C:\\Users\\BRENDA\\Downloads\\MVT-Noticias\\src\\index.ts","statementMap":{"0":{"start":{"line":1,"column":0},"end":{"line":1,"column":46}},"1":{"start":{"line":2,"column":0},"end":{"line":2,"column":49}},"2":{"start":{"line":3,"column":0},"end":{"line":3,"column":43}},"3":{"start":{"line":4,"column":0},"end":{"line":4,"column":28}},"4":{"start":{"line":5,"column":0},"end":{"line":5,"column":49}},"5":{"start":{"line":6,"column":0},"end":{"line":6,"column":46}},"6":{"start":{"line":7,"column":0},"end":{"line":7,"column":43}},"7":{"start":{"line":8,"column":0},"end":{"line":8,"column":55}},"8":{"start":{"line":9,"column":0},"end":{"line":9,"column":49}},"9":{"start":{"line":10,"column":0},"end":{"line":10,"column":49}},"10":{"start":{"line":11,"column":0},"end":{"line":11,"column":43}},"11":{"start":{"line":12,"column":0},"end":{"line":12,"column":46}},"12":{"start":{"line":18,"column":21},"end":{"line":18,"column":43}},"13":{"start":{"line":19,"column":21},"end":{"line":19,"column":43}},"14":{"start":{"line":20,"column":21},"end":{"line":20,"column":47}},"15":{"start":{"line":21,"column":21},"end":{"line":21,"column":41}},"16":{"start":{"line":23,"column":4},"end":{"line":23,"column":null}},"17":{"start":{"line":24,"column":4},"end":{"line":24,"column":null}},"18":{"start":{"line":25,"column":4},"end":{"line":25,"column":null}},"19":{"start":{"line":26,"column":4},"end":{"line":26,"column":null}},"20":{"start":{"line":29,"column":31},"end":{"line":34,"column":3}},"21":{"start":{"line":30,"column":4},"end":{"line":30,"column":null}},"22":{"start":{"line":31,"column":4},"end":{"line":31,"column":null}},"23":{"start":{"line":32,"column":4},"end":{"line":32,"column":null}},"24":{"start":{"line":33,"column":4},"end":{"line":33,"column":null}},"25":{"start":{"line":36,"column":28},"end":{"line":40,"column":3}},"26":{"start":{"line":37,"column":4},"end":{"line":37,"column":null}},"27":{"start":{"line":38,"column":4},"end":{"line":38,"column":null}},"28":{"start":{"line":42,"column":28},"end":{"line":44,"column":3}},"29":{"start":{"line":43,"column":4},"end":{"line":43,"column":null}},"30":{"start":{"line":46,"column":19},"end":{"line":52,"column":3}},"31":{"start":{"line":47,"column":17},"end":{"line":47,"column":21}},"32":{"start":{"line":48,"column":17},"end":{"line":48,"column":28}},"33":{"start":{"line":49,"column":4},"end":{"line":51,"column":null}},"34":{"start":{"line":50,"column":6},"end":{"line":50,"column":null}},"35":{"start":{"line":14,"column":0},"end":{"line":14,"column":21}},"36":{"start":{"line":55,"column":15},"end":{"line":56,"column":172}},"37":{"start":{"line":57,"column":0},"end":{"line":57,"column":null}},"38":{"start":{"line":59,"column":13},"end":{"line":59,"column":null}}},"fnMap":{"0":{"name":"(anonymous_1)","decl":{"start":{"line":17,"column":2},"end":{"line":17,"column":null}},"loc":{"start":{"line":21,"column":41},"end":{"line":27,"column":3}}},"1":{"name":"(anonymous_2)","decl":{"start":{"line":29,"column":31},"end":{"line":29,"column":40}},"loc":{"start":{"line":29,"column":42},"end":{"line":34,"column":3}}},"2":{"name":"(anonymous_3)","decl":{"start":{"line":36,"column":28},"end":{"line":36,"column":37}},"loc":{"start":{"line":36,"column":39},"end":{"line":40,"column":3}}},"3":{"name":"(anonymous_4)","decl":{"start":{"line":42,"column":28},"end":{"line":42,"column":37}},"loc":{"start":{"line":42,"column":39},"end":{"line":44,"column":3}}},"4":{"name":"(anonymous_5)","decl":{"start":{"line":46,"column":19},"end":{"line":46,"column":28}},"loc":{"start":{"line":46,"column":30},"end":{"line":52,"column":3}}},"5":{"name":"(anonymous_6)","decl":{"start":{"line":49,"column":26},"end":{"line":49,"column":29}},"loc":{"start":{"line":49,"column":31},"end":{"line":51,"column":5}}}},"branchMap":{},"s":{"0":4,"1":4,"2":4,"3":4,"4":4,"5":4,"6":4,"7":4,"8":4,"9":4,"10":4,"11":4,"12":4,"13":4,"14":4,"15":4,"16":4,"17":4,"18":4,"19":4,"20":4,"21":4,"22":4,"23":4,"24":4,"25":4,"26":4,"27":4,"28":4,"29":4,"30":4,"31":4,"32":4,"33":4,"34":4,"35":4,"36":4,"37":4,"38":4},"f":{"0":4,"1":4,"2":4,"3":4,"4":4,"5":4},"b":{}}
,"C:\\Users\\BRENDA\\Downloads\\MVT-Noticias\\src\\detail\\router\\DetailRouter.ts": {"path":"C:\\Users\\BRENDA\\Downloads\\MVT-Noticias\\src\\detail\\router\\DetailRouter.ts","statementMap":{"0":{"start":{"line":1,"column":0},"end":{"line":1,"column":33}},"1":{"start":{"line":7,"column":31},"end":{"line":7,"column":53}},"2":{"start":{"line":8,"column":4},"end":{"line":8,"column":27}},"3":{"start":{"line":9,"column":4},"end":{"line":9,"column":18}},"4":{"start":{"line":12,"column":20},"end":{"line":14,"column":3}},"5":{"start":{"line":13,"column":4},"end":{"line":13,"column":71}},"6":{"start":{"line":4,"column":0},"end":{"line":4,"column":21}}},"fnMap":{"0":{"name":"(anonymous_0)","decl":{"start":{"line":7,"column":2},"end":{"line":7,"column":31}},"loc":{"start":{"line":7,"column":53},"end":{"line":10,"column":3}}},"1":{"name":"(anonymous_1)","decl":{"start":{"line":12,"column":20},"end":{"line":12,"column":23}},"loc":{"start":{"line":12,"column":25},"end":{"line":14,"column":3}}}},"branchMap":{},"s":{"0":4,"1":4,"2":4,"3":4,"4":4,"5":4,"6":4},"f":{"0":4,"1":4},"b":{}}
,"C:\\Users\\BRENDA\\Downloads\\MVT-Noticias\\src\\detail\\view\\DetailView.ts": {"path":"C:\\Users\\BRENDA\\Downloads\\MVT-Noticias\\src\\detail\\view\\DetailView.ts","statementMap":{"0":{"start":{"line":5,"column":31},"end":{"line":5,"column":51}},"1":{"start":{"line":7,"column":27},"end":{"line":25,"column":3}},"2":{"start":{"line":8,"column":20},"end":{"line":8,"column":36}},"3":{"start":{"line":10,"column":15},"end":{"line":10,"column":48}},"4":{"start":{"line":11,"column":4},"end":{"line":13,"column":5}},"5":{"start":{"line":12,"column":6},"end":{"line":12,"column":61}},"6":{"start":{"line":15,"column":20},"end":{"line":15,"column":70}},"7":{"start":{"line":15,"column":58},"end":{"line":15,"column":69}},"8":{"start":{"line":17,"column":4},"end":{"line":19,"column":5}},"9":{"start":{"line":18,"column":6},"end":{"line":18,"column":59}},"10":{"start":{"line":21,"column":4},"end":{"line":24,"column":7}},"11":{"start":{"line":4,"column":0},"end":{"line":4,"column":21}}},"fnMap":{"0":{"name":"(anonymous_0)","decl":{"start":{"line":5,"column":2},"end":{"line":5,"column":31}},"loc":{"start":{"line":5,"column":51},"end":{"line":5,"column":55}}},"1":{"name":"(anonymous_1)","decl":{"start":{"line":7,"column":27},"end":{"line":7,"column":28}},"loc":{"start":{"line":7,"column":59},"end":{"line":25,"column":3}}},"2":{"name":"(anonymous_2)","decl":{"start":{"line":15,"column":53},"end":{"line":15,"column":54}},"loc":{"start":{"line":15,"column":58},"end":{"line":15,"column":69}}}},"branchMap":{"0":{"loc":{"start":{"line":10,"column":15},"end":{"line":10,"column":48}},"type":"cond-expr","locations":[{"start":{"line":10,"column":25},"end":{"line":10,"column":42}},{"start":{"line":10,"column":45},"end":{"line":10,"column":48}}]},"1":{"loc":{"start":{"line":11,"column":4},"end":{"line":13,"column":5}},"type":"if","locations":[{"start":{"line":11,"column":4},"end":{"line":13,"column":5}},{"start":{},"end":{}}]},"2":{"loc":{"start":{"line":11,"column":8},"end":{"line":11,"column":29}},"type":"binary-expr","locations":[{"start":{"line":11,"column":8},"end":{"line":11,"column":16}},{"start":{"line":11,"column":20},"end":{"line":11,"column":29}}]},"3":{"loc":{"start":{"line":17,"column":4},"end":{"line":19,"column":5}},"type":"if","locations":[{"start":{"line":17,"column":4},"end":{"line":19,"column":5}},{"start":{},"end":{}}]}},"s":{"0":4,"1":4,"2":4,"3":4,"4":4,"5":2,"6":2,"7":42,"8":2,"9":1,"10":1,"11":4},"f":{"0":4,"1":4,"2":42},"b":{"0":[4,0],"1":[2,2],"2":[4,4],"3":[1,1]}}
,"C:\\Users\\BRENDA\\Downloads\\MVT-Noticias\\src\\home\\router\\HomeRouter.ts": {"path":"C:\\Users\\BRENDA\\Downloads\\MVT-Noticias\\src\\home\\router\\HomeRouter.ts","statementMap":{"0":{"start":{"line":1,"column":0},"end":{"line":1,"column":33}},"1":{"start":{"line":8,"column":25},"end":{"line":8,"column":43}},"2":{"start":{"line":10,"column":8},"end":{"line":10,"column":null}},"3":{"start":{"line":11,"column":8},"end":{"line":11,"column":null}},"4":{"start":{"line":14,"column":22},"end":{"line":16,"column":5}},"5":{"start":{"line":15,"column":8},"end":{"line":15,"column":null}},"6":{"start":{"line":4,"column":0},"end":{"line":4,"column":21}}},"fnMap":{"0":{"name":"(anonymous_0)","decl":{"start":{"line":7,"column":4},"end":{"line":7,"column":null}},"loc":{"start":{"line":8,"column":43},"end":{"line":12,"column":5}}},"1":{"name":"(anonymous_1)","decl":{"start":{"line":14,"column":22},"end":{"line":14,"column":25}},"loc":{"start":{"line":14,"column":27},"end":{"line":16,"column":5}}}},"branchMap":{},"s":{"0":4,"1":4,"2":4,"3":4,"4":4,"5":4,"6":4},"f":{"0":4,"1":4},"b":{}}
,"C:\\Users\\BRENDA\\Downloads\\MVT-Noticias\\src\\home\\view\\HomeView.ts": {"path":"C:\\Users\\BRENDA\\Downloads\\MVT-Noticias\\src\\home\\view\\HomeView.ts","statementMap":{"0":{"start":{"line":7,"column":30},"end":{"line":9,"column":5}},"1":{"start":{"line":8,"column":8},"end":{"line":8,"column":null}},"2":{"start":{"line":3,"column":0},"end":{"line":3,"column":21}}},"fnMap":{"0":{"name":"(anonymous_0)","decl":{"start":{"line":5,"column":4},"end":{"line":5,"column":18}},"loc":{"start":{"line":5,"column":4},"end":{"line":5,"column":19}}},"1":{"name":"(anonymous_1)","decl":{"start":{"line":7,"column":30},"end":{"line":7,"column":31}},"loc":{"start":{"line":7,"column":62},"end":{"line":9,"column":5}}}},"branchMap":{},"s":{"0":4,"1":1,"2":4},"f":{"0":4,"1":1},"b":{}}
,"C:\\Users\\BRENDA\\Downloads\\MVT-Noticias\\src\\news\\model\\NewsModel.ts": {"path":"C:\\Users\\BRENDA\\Downloads\\MVT-Noticias\\src\\news\\model\\NewsModel.ts","statementMap":{"0":{"start":{"line":2,"column":0},"end":{"line":2,"column":52}},"1":{"start":{"line":5,"column":24},"end":{"line":14,"column":3}},"2":{"start":{"line":6,"column":4},"end":{"line":13,"column":8}},"3":{"start":{"line":6,"column":33},"end":{"line":13,"column":6}},"4":{"start":{"line":9,"column":47},"end":{"line":12,"column":8}},"5":{"start":{"line":16,"column":30},"end":{"line":21,"column":3}},"6":{"start":{"line":17,"column":4},"end":{"line":17,"column":28}},"7":{"start":{"line":17,"column":16},"end":{"line":17,"column":28}},"8":{"start":{"line":18,"column":4},"end":{"line":20,"column":6}},"9":{"start":{"line":19,"column":6},"end":{"line":19,"column":57}},"10":{"start":{"line":23,"column":21},"end":{"line":47,"column":3}},"11":{"start":{"line":28,"column":57},"end":{"line":28,"column":64}},"12":{"start":{"line":30,"column":18},"end":{"line":30,"column":35}},"13":{"start":{"line":31,"column":4},"end":{"line":31,"column":59}},"14":{"start":{"line":33,"column":22},"end":{"line":33,"column":36}},"15":{"start":{"line":34,"column":23},"end":{"line":34,"column":54}},"16":{"start":{"line":36,"column":18},"end":{"line":36,"column":39}},"17":{"start":{"line":37,"column":16},"end":{"line":37,"column":32}},"18":{"start":{"line":39,"column":21},"end":{"line":39,"column":46}},"19":{"start":{"line":41,"column":4},"end":{"line":46,"column":6}},"20":{"start":{"line":49,"column":32},"end":{"line":74,"column":3}},"21":{"start":{"line":50,"column":39},"end":{"line":50,"column":41}},"22":{"start":{"line":52,"column":4},"end":{"line":55,"column":5}},"23":{"start":{"line":53,"column":6},"end":{"line":53,"column":20}},"24":{"start":{"line":54,"column":6},"end":{"line":54,"column":22}},"25":{"start":{"line":57,"column":16},"end":{"line":57,"column":69}},"26":{"start":{"line":58,"column":14},"end":{"line":58,"column":76}},"27":{"start":{"line":60,"column":4},"end":{"line":62,"column":5}},"28":{"start":{"line":61,"column":6},"end":{"line":61,"column":45}},"29":{"start":{"line":64,"column":4},"end":{"line":66,"column":5}},"30":{"start":{"line":64,"column":17},"end":{"line":64,"column":22}},"31":{"start":{"line":65,"column":6},"end":{"line":65,"column":20}},"32":{"start":{"line":68,"column":4},"end":{"line":71,"column":5}},"33":{"start":{"line":69,"column":6},"end":{"line":69,"column":22}},"34":{"start":{"line":70,"column":6},"end":{"line":70,"column":29}},"35":{"start":{"line":73,"column":4},"end":{"line":73,"column":17}},"36":{"start":{"line":4,"column":0},"end":{"line":4,"column":21}}},"fnMap":{"0":{"name":"(anonymous_1)","decl":{"start":{"line":5,"column":24},"end":{"line":5,"column":35}},"loc":{"start":{"line":5,"column":37},"end":{"line":14,"column":3}}},"1":{"name":"(anonymous_2)","decl":{"start":{"line":6,"column":25},"end":{"line":6,"column":26}},"loc":{"start":{"line":6,"column":33},"end":{"line":13,"column":6}}},"2":{"name":"(anonymous_3)","decl":{"start":{"line":9,"column":39},"end":{"line":9,"column":40}},"loc":{"start":{"line":9,"column":47},"end":{"line":12,"column":8}}},"3":{"name":"(anonymous_4)","decl":{"start":{"line":16,"column":30},"end":{"line":16,"column":31}},"loc":{"start":{"line":16,"column":70},"end":{"line":21,"column":3}}},"4":{"name":"(anonymous_5)","decl":{"start":{"line":18,"column":23},"end":{"line":18,"column":24}},"loc":{"start":{"line":19,"column":6},"end":{"line":19,"column":57}}},"5":{"name":"(anonymous_6)","decl":{"start":{"line":23,"column":21},"end":{"line":23,"column":22}},"loc":{"start":{"line":27,"column":7},"end":{"line":47,"column":3}}},"6":{"name":"(anonymous_7)","decl":{"start":{"line":49,"column":32},"end":{"line":49,"column":33}},"loc":{"start":{"line":49,"column":113},"end":{"line":74,"column":3}}}},"branchMap":{"0":{"loc":{"start":{"line":17,"column":4},"end":{"line":17,"column":28}},"type":"if","locations":[{"start":{"line":17,"column":4},"end":{"line":17,"column":28}},{"start":{},"end":{}}]},"1":{"loc":{"start":{"line":28,"column":12},"end":{"line":28,"column":28}},"type":"default-arg","locations":[{"start":{"line":28,"column":26},"end":{"line":28,"column":28}}]},"2":{"loc":{"start":{"line":28,"column":30},"end":{"line":28,"column":38}},"type":"default-arg","locations":[{"start":{"line":28,"column":37},"end":{"line":28,"column":38}}]},"3":{"loc":{"start":{"line":28,"column":40},"end":{"line":28,"column":52}},"type":"default-arg","locations":[{"start":{"line":28,"column":51},"end":{"line":28,"column":52}}]},"4":{"loc":{"start":{"line":49,"column":74},"end":{"line":49,"column":88}},"type":"default-arg","locations":[{"start":{"line":49,"column":87},"end":{"line":49,"column":88}}]},"5":{"loc":{"start":{"line":52,"column":4},"end":{"line":55,"column":5}},"type":"if","locations":[{"start":{"line":52,"column":4},"end":{"line":55,"column":5}},{"start":{},"end":{}}]},"6":{"loc":{"start":{"line":60,"column":4},"end":{"line":62,"column":5}},"type":"if","locations":[{"start":{"line":60,"column":4},"end":{"line":62,"column":5}},{"start":{},"end":{}}]},"7":{"loc":{"start":{"line":68,"column":4},"end":{"line":71,"column":5}},"type":"if","locations":[{"start":{"line":68,"column":4},"end":{"line":71,"column":5}},{"start":{},"end":{}}]}},"s":{"0":5,"1":16,"2":11,"3":229,"4":297,"5":16,"6":7,"7":4,"8":3,"9":49,"10":16,"11":7,"12":7,"13":7,"14":7,"15":7,"16":7,"17":7,"18":7,"19":7,"20":16,"21":10,"22":10,"23":2,"24":2,"25":10,"26":10,"27":10,"28":8,"29":10,"30":10,"31":30,"32":10,"33":3,"34":3,"35":10,"36":5},"f":{"0":11,"1":229,"2":297,"3":7,"4":49,"5":7,"6":10},"b":{"0":[4,3],"1":[2],"2":[3],"3":[3],"4":[10],"5":[2,8],"6":[8,2],"7":[3,7]}}
,"C:\\Users\\BRENDA\\Downloads\\MVT-Noticias\\src\\news\\router\\NewsRouter.ts": {"path":"C:\\Users\\BRENDA\\Downloads\\MVT-Noticias\\src\\news\\router\\NewsRouter.ts","statementMap":{"0":{"start":{"line":1,"column":0},"end":{"line":1,"column":33}},"1":{"start":{"line":8,"column":25},"end":{"line":8,"column":43}},"2":{"start":{"line":10,"column":8},"end":{"line":10,"column":null}},"3":{"start":{"line":11,"column":8},"end":{"line":11,"column":null}},"4":{"start":{"line":14,"column":22},"end":{"line":16,"column":5}},"5":{"start":{"line":15,"column":8},"end":{"line":15,"column":null}},"6":{"start":{"line":4,"column":0},"end":{"line":4,"column":21}}},"fnMap":{"0":{"name":"(anonymous_0)","decl":{"start":{"line":7,"column":4},"end":{"line":7,"column":null}},"loc":{"start":{"line":8,"column":43},"end":{"line":12,"column":5}}},"1":{"name":"(anonymous_1)","decl":{"start":{"line":14,"column":22},"end":{"line":14,"column":25}},"loc":{"start":{"line":14,"column":27},"end":{"line":16,"column":5}}}},"branchMap":{},"s":{"0":4,"1":4,"2":4,"3":4,"4":4,"5":4,"6":4},"f":{"0":4,"1":4},"b":{}}
,"C:\\Users\\BRENDA\\Downloads\\MVT-Noticias\\src\\news\\view\\NewsView.ts": {"path":"C:\\Users\\BRENDA\\Downloads\\MVT-Noticias\\src\\news\\view\\NewsView.ts","statementMap":{"0":{"start":{"line":5,"column":31},"end":{"line":5,"column":51}},"1":{"start":{"line":7,"column":25},"end":{"line":27,"column":3}},"2":{"start":{"line":8,"column":17},"end":{"line":8,"column":59}},"3":{"start":{"line":9,"column":25},"end":{"line":9,"column":61}},"4":{"start":{"line":11,"column":50},"end":{"line":15,"column":6}},"5":{"start":{"line":17,"column":23},"end":{"line":24,"column":6}},"6":{"start":{"line":26,"column":4},"end":{"line":26,"column":35}},"7":{"start":{"line":4,"column":0},"end":{"line":4,"column":21}}},"fnMap":{"0":{"name":"(anonymous_0)","decl":{"start":{"line":5,"column":2},"end":{"line":5,"column":31}},"loc":{"start":{"line":5,"column":51},"end":{"line":5,"column":55}}},"1":{"name":"(anonymous_1)","decl":{"start":{"line":7,"column":25},"end":{"line":7,"column":26}},"loc":{"start":{"line":7,"column":57},"end":{"line":27,"column":3}}}},"branchMap":{"0":{"loc":{"start":{"line":8,"column":17},"end":{"line":8,"column":59}},"type":"binary-expr","locations":[{"start":{"line":8,"column":17},"end":{"line":8,"column":54}},{"start":{"line":8,"column":58},"end":{"line":8,"column":59}}]},"1":{"loc":{"start":{"line":9,"column":25},"end":{"line":9,"column":61}},"type":"binary-expr","locations":[{"start":{"line":9,"column":25},"end":{"line":9,"column":55}},{"start":{"line":9,"column":59},"end":{"line":9,"column":61}}]}},"s":{"0":4,"1":4,"2":3,"3":3,"4":3,"5":3,"6":3,"7":4},"f":{"0":4,"1":3},"b":{"0":[3,2],"1":[3,2]}}
,"C:\\Users\\BRENDA\\Downloads\\MVT-Noticias\\src\\post\\model\\PostModel.ts": {"path":"C:\\Users\\BRENDA\\Downloads\\MVT-Noticias\\src\\post\\model\\PostModel.ts","statementMap":{"0":{"start":{"line":5,"column":24},"end":{"line":32,"column":3}},"1":{"start":{"line":12,"column":18},"end":{"line":12,"column":28}},"2":{"start":{"line":13,"column":24},"end":{"line":13,"column":86}},"3":{"start":{"line":15,"column":39},"end":{"line":19,"column":7}},"4":{"start":{"line":15,"column":77},"end":{"line":19,"column":6}},"5":{"start":{"line":21,"column":26},"end":{"line":29,"column":6}},"6":{"start":{"line":31,"column":4},"end":{"line":31,"column":19}},"7":{"start":{"line":4,"column":0},"end":{"line":4,"column":21}}},"fnMap":{"0":{"name":"(anonymous_0)","decl":{"start":{"line":5,"column":24},"end":{"line":5,"column":25}},"loc":{"start":{"line":11,"column":13},"end":{"line":32,"column":3}}},"1":{"name":"(anonymous_1)","decl":{"start":{"line":15,"column":69},"end":{"line":15,"column":70}},"loc":{"start":{"line":15,"column":77},"end":{"line":19,"column":6}}}},"branchMap":{"0":{"loc":{"start":{"line":15,"column":40},"end":{"line":15,"column":63}},"type":"binary-expr","locations":[{"start":{"line":15,"column":40},"end":{"line":15,"column":57}},{"start":{"line":15,"column":61},"end":{"line":15,"column":63}}]}},"s":{"0":7,"1":7,"2":7,"3":7,"4":7,"5":7,"6":7,"7":5},"f":{"0":7,"1":7},"b":{"0":[7,1]}}
,"C:\\Users\\BRENDA\\Downloads\\MVT-Noticias\\src\\post\\router\\PostRouter.ts": {"path":"C:\\Users\\BRENDA\\Downloads\\MVT-Noticias\\src\\post\\router\\PostRouter.ts","statementMap":{"0":{"start":{"line":1,"column":0},"end":{"line":1,"column":33}},"1":{"start":{"line":7,"column":31},"end":{"line":7,"column":51}},"2":{"start":{"line":8,"column":4},"end":{"line":8,"column":27}},"3":{"start":{"line":9,"column":4},"end":{"line":9,"column":18}},"4":{"start":{"line":12,"column":20},"end":{"line":15,"column":3}},"5":{"start":{"line":13,"column":4},"end":{"line":13,"column":60}},"6":{"start":{"line":14,"column":4},"end":{"line":14,"column":61}},"7":{"start":{"line":4,"column":0},"end":{"line":4,"column":21}}},"fnMap":{"0":{"name":"(anonymous_0)","decl":{"start":{"line":7,"column":2},"end":{"line":7,"column":31}},"loc":{"start":{"line":7,"column":51},"end":{"line":10,"column":3}}},"1":{"name":"(anonymous_1)","decl":{"start":{"line":12,"column":20},"end":{"line":12,"column":23}},"loc":{"start":{"line":12,"column":25},"end":{"line":15,"column":3}}}},"branchMap":{},"s":{"0":4,"1":4,"2":4,"3":4,"4":4,"5":4,"6":4,"7":4},"f":{"0":4,"1":4},"b":{}}
,"C:\\Users\\BRENDA\\Downloads\\MVT-Noticias\\src\\post\\view\\PostView.ts": {"path":"C:\\Users\\BRENDA\\Downloads\\MVT-Noticias\\src\\post\\view\\PostView.ts","statementMap":{"0":{"start":{"line":5,"column":31},"end":{"line":5,"column":53}},"1":{"start":{"line":7,"column":22},"end":{"line":9,"column":3}},"2":{"start":{"line":8,"column":4},"end":{"line":8,"column":81}},"3":{"start":{"line":11,"column":22},"end":{"line":46,"column":3}},"4":{"start":{"line":12,"column":86},"end":{"line":12,"column":94}},"5":{"start":{"line":14,"column":4},"end":{"line":20,"column":5}},"6":{"start":{"line":15,"column":6},"end":{"line":19,"column":9}},"7":{"start":{"line":23,"column":64},"end":{"line":23,"column":66}},"8":{"start":{"line":24,"column":4},"end":{"line":33,"column":5}},"9":{"start":{"line":25,"column":22},"end":{"line":25,"column":84}},"10":{"start":{"line":26,"column":27},"end":{"line":26,"column":104}},"11":{"start":{"line":28,"column":6},"end":{"line":32,"column":7}},"12":{"start":{"line":28,"column":19},"end":{"line":28,"column":20}},"13":{"start":{"line":29,"column":8},"end":{"line":31,"column":9}},"14":{"start":{"line":30,"column":10},"end":{"line":30,"column":78}},"15":{"start":{"line":35,"column":24},"end":{"line":41,"column":6}},"16":{"start":{"line":43,"column":4},"end":{"line":43,"column":62}},"17":{"start":{"line":45,"column":4},"end":{"line":45,"column":75}},"18":{"start":{"line":4,"column":0},"end":{"line":4,"column":21}}},"fnMap":{"0":{"name":"(anonymous_0)","decl":{"start":{"line":5,"column":2},"end":{"line":5,"column":31}},"loc":{"start":{"line":5,"column":53},"end":{"line":5,"column":57}}},"1":{"name":"(anonymous_1)","decl":{"start":{"line":7,"column":22},"end":{"line":7,"column":23}},"loc":{"start":{"line":7,"column":55},"end":{"line":9,"column":3}}},"2":{"name":"(anonymous_2)","decl":{"start":{"line":11,"column":22},"end":{"line":11,"column":23}},"loc":{"start":{"line":11,"column":54},"end":{"line":46,"column":3}}}},"branchMap":{"0":{"loc":{"start":{"line":14,"column":4},"end":{"line":20,"column":5}},"type":"if","locations":[{"start":{"line":14,"column":4},"end":{"line":20,"column":5}},{"start":{},"end":{}}]},"1":{"loc":{"start":{"line":14,"column":8},"end":{"line":14,"column":52}},"type":"binary-expr","locations":[{"start":{"line":14,"column":8},"end":{"line":14,"column":14}},{"start":{"line":14,"column":18},"end":{"line":14,"column":30}},{"start":{"line":14,"column":34},"end":{"line":14,"column":42}},{"start":{"line":14,"column":46},"end":{"line":14,"column":52}}]},"2":{"loc":{"start":{"line":24,"column":4},"end":{"line":33,"column":5}},"type":"if","locations":[{"start":{"line":24,"column":4},"end":{"line":33,"column":5}},{"start":{},"end":{}}]},"3":{"loc":{"start":{"line":24,"column":8},"end":{"line":24,"column":43}},"type":"binary-expr","locations":[{"start":{"line":24,"column":8},"end":{"line":24,"column":21}},{"start":{"line":24,"column":25},"end":{"line":24,"column":43}}]},"4":{"loc":{"start":{"line":25,"column":22},"end":{"line":25,"column":84}},"type":"cond-expr","locations":[{"start":{"line":25,"column":53},"end":{"line":25,"column":66}},{"start":{"line":25,"column":69},"end":{"line":25,"column":84}}]},"5":{"loc":{"start":{"line":26,"column":27},"end":{"line":26,"column":104}},"type":"cond-expr","locations":[{"start":{"line":26,"column":63},"end":{"line":26,"column":81}},{"start":{"line":26,"column":84},"end":{"line":26,"column":104}}]},"6":{"loc":{"start":{"line":29,"column":8},"end":{"line":31,"column":9}},"type":"if","locations":[{"start":{"line":29,"column":8},"end":{"line":31,"column":9}},{"start":{},"end":{}}]},"7":{"loc":{"start":{"line":29,"column":12},"end":{"line":29,"column":41}},"type":"binary-expr","locations":[{"start":{"line":29,"column":12},"end":{"line":29,"column":22}},{"start":{"line":29,"column":26},"end":{"line":29,"column":41}}]}},"s":{"0":4,"1":4,"2":5,"3":4,"4":5,"5":5,"6":1,"7":4,"8":4,"9":3,"10":3,"11":3,"12":3,"13":5,"14":4,"15":4,"16":4,"17":4,"18":4},"f":{"0":4,"1":5,"2":5},"b":{"0":[1,4],"1":[5,4,4,4],"2":[3,1],"3":[4,3],"4":[2,1],"5":[2,1],"6":[4,1],"7":[5,4]}}
}
