TN:
SF:src\index.ts
FN:17,(anonymous_1)
FN:29,(anonymous_2)
FN:36,(anonymous_3)
FN:42,(anonymous_4)
FN:46,(anonymous_5)
FN:49,(anonymous_6)
FNF:6
FNH:6
FNDA:4,(anonymous_1)
FNDA:4,(anonymous_2)
FNDA:4,(anonymous_3)
FNDA:4,(anonymous_4)
FNDA:4,(anonymous_5)
FNDA:4,(anonymous_6)
DA:1,4
DA:2,4
DA:3,4
DA:4,4
DA:5,4
DA:6,4
DA:7,4
DA:8,4
DA:9,4
DA:10,4
DA:11,4
DA:12,4
DA:14,4
DA:18,4
DA:19,4
DA:20,4
DA:21,4
DA:23,4
DA:24,4
DA:25,4
DA:26,4
DA:29,4
DA:30,4
DA:31,4
DA:32,4
DA:33,4
DA:36,4
DA:37,4
DA:38,4
DA:42,4
DA:43,4
DA:46,4
DA:47,4
DA:48,4
DA:49,4
DA:50,4
DA:55,4
DA:57,4
DA:59,4
LF:39
LH:39
BRF:0
BRH:0
end_of_record
TN:
SF:src\detail\router\DetailRouter.ts
FN:7,(anonymous_0)
FN:12,(anonymous_1)
FNF:2
FNH:2
FNDA:4,(anonymous_0)
FNDA:4,(anonymous_1)
DA:1,4
DA:4,4
DA:7,4
DA:8,4
DA:9,4
DA:12,4
DA:13,4
LF:7
LH:7
BRF:0
BRH:0
end_of_record
TN:
SF:src\detail\view\DetailView.ts
FN:5,(anonymous_0)
FN:7,(anonymous_1)
FN:15,(anonymous_2)
FNF:3
FNH:3
FNDA:4,(anonymous_0)
FNDA:4,(anonymous_1)
FNDA:42,(anonymous_2)
DA:4,4
DA:5,4
DA:7,4
DA:8,4
DA:10,4
DA:11,4
DA:12,2
DA:15,42
DA:17,2
DA:18,1
DA:21,1
LF:11
LH:11
BRDA:10,0,0,4
BRDA:10,0,1,0
BRDA:11,1,0,2
BRDA:11,1,1,2
BRDA:11,2,0,4
BRDA:11,2,1,4
BRDA:17,3,0,1
BRDA:17,3,1,1
BRF:8
BRH:7
end_of_record
TN:
SF:src\home\router\HomeRouter.ts
FN:7,(anonymous_0)
FN:14,(anonymous_1)
FNF:2
FNH:2
FNDA:4,(anonymous_0)
FNDA:4,(anonymous_1)
DA:1,4
DA:4,4
DA:8,4
DA:10,4
DA:11,4
DA:14,4
DA:15,4
LF:7
LH:7
BRF:0
BRH:0
end_of_record
TN:
SF:src\home\view\HomeView.ts
FN:5,(anonymous_0)
FN:7,(anonymous_1)
FNF:2
FNH:2
FNDA:4,(anonymous_0)
FNDA:1,(anonymous_1)
DA:3,4
DA:7,4
DA:8,1
LF:3
LH:3
BRF:0
BRH:0
end_of_record
TN:
SF:src\news\model\NewsModel.ts
FN:5,(anonymous_1)
FN:6,(anonymous_2)
FN:9,(anonymous_3)
FN:16,(anonymous_4)
FN:18,(anonymous_5)
FN:23,(anonymous_6)
FN:49,(anonymous_7)
FNF:7
FNH:7
FNDA:11,(anonymous_1)
FNDA:229,(anonymous_2)
FNDA:297,(anonymous_3)
FNDA:7,(anonymous_4)
FNDA:49,(anonymous_5)
FNDA:7,(anonymous_6)
FNDA:10,(anonymous_7)
DA:2,5
DA:4,5
DA:5,16
DA:6,229
DA:9,297
DA:16,16
DA:17,7
DA:18,3
DA:19,49
DA:23,16
DA:28,7
DA:30,7
DA:31,7
DA:33,7
DA:34,7
DA:36,7
DA:37,7
DA:39,7
DA:41,7
DA:49,16
DA:50,10
DA:52,10
DA:53,2
DA:54,2
DA:57,10
DA:58,10
DA:60,10
DA:61,8
DA:64,10
DA:65,30
DA:68,10
DA:69,3
DA:70,3
DA:73,10
LF:34
LH:34
BRDA:17,0,0,4
BRDA:17,0,1,3
BRDA:28,1,0,2
BRDA:28,2,0,3
BRDA:28,3,0,3
BRDA:49,4,0,10
BRDA:52,5,0,2
BRDA:52,5,1,8
BRDA:60,6,0,8
BRDA:60,6,1,2
BRDA:68,7,0,3
BRDA:68,7,1,7
BRF:12
BRH:12
end_of_record
TN:
SF:src\news\router\NewsRouter.ts
FN:7,(anonymous_0)
FN:14,(anonymous_1)
FNF:2
FNH:2
FNDA:4,(anonymous_0)
FNDA:4,(anonymous_1)
DA:1,4
DA:4,4
DA:8,4
DA:10,4
DA:11,4
DA:14,4
DA:15,4
LF:7
LH:7
BRF:0
BRH:0
end_of_record
TN:
SF:src\news\view\NewsView.ts
FN:5,(anonymous_0)
FN:7,(anonymous_1)
FNF:2
FNH:2
FNDA:4,(anonymous_0)
FNDA:3,(anonymous_1)
DA:4,4
DA:5,4
DA:7,4
DA:8,3
DA:9,3
DA:11,3
DA:17,3
DA:26,3
LF:8
LH:8
BRDA:8,0,0,3
BRDA:8,0,1,2
BRDA:9,1,0,3
BRDA:9,1,1,2
BRF:4
BRH:4
end_of_record
TN:
SF:src\post\model\PostModel.ts
FN:5,(anonymous_0)
FN:15,(anonymous_1)
FNF:2
FNH:2
FNDA:7,(anonymous_0)
FNDA:7,(anonymous_1)
DA:4,5
DA:5,7
DA:12,7
DA:13,7
DA:15,7
DA:21,7
DA:31,7
LF:7
LH:7
BRDA:15,0,0,7
BRDA:15,0,1,1
BRF:2
BRH:2
end_of_record
TN:
SF:src\post\router\PostRouter.ts
FN:7,(anonymous_0)
FN:12,(anonymous_1)
FNF:2
FNH:2
FNDA:4,(anonymous_0)
FNDA:4,(anonymous_1)
DA:1,4
DA:4,4
DA:7,4
DA:8,4
DA:9,4
DA:12,4
DA:13,4
DA:14,4
LF:8
LH:8
BRF:0
BRH:0
end_of_record
TN:
SF:src\post\view\PostView.ts
FN:5,(anonymous_0)
FN:7,(anonymous_1)
FN:11,(anonymous_2)
FNF:3
FNH:3
FNDA:4,(anonymous_0)
FNDA:5,(anonymous_1)
FNDA:5,(anonymous_2)
DA:4,4
DA:5,4
DA:7,4
DA:8,5
DA:11,4
DA:12,5
DA:14,5
DA:15,1
DA:23,4
DA:24,4
DA:25,3
DA:26,3
DA:28,3
DA:29,5
DA:30,4
DA:35,4
DA:43,4
DA:45,4
LF:18
LH:18
BRDA:14,0,0,1
BRDA:14,0,1,4
BRDA:14,1,0,5
BRDA:14,1,1,4
BRDA:14,1,2,4
BRDA:14,1,3,4
BRDA:24,2,0,3
BRDA:24,2,1,1
BRDA:24,3,0,4
BRDA:24,3,1,3
BRDA:25,4,0,2
BRDA:25,4,1,1
BRDA:26,5,0,2
BRDA:26,5,1,1
BRDA:29,6,0,4
BRDA:29,6,1,1
BRDA:29,7,0,5
BRDA:29,7,1,4
BRF:18
BRH:18
end_of_record
