TN:
SF:src\news\model\NewsModel.ts
FN:5,(anonymous_1)
FN:6,(anonymous_2)
FN:9,(anonymous_3)
FN:16,(anonymous_4)
FN:18,(anonymous_5)
FN:23,(anonymous_6)
FN:49,(anonymous_7)
FNF:7
FNH:7
FNDA:6,(anonymous_1)
FNDA:24,(anonymous_2)
FNDA:12,(anonymous_3)
FNDA:4,(anonymous_4)
FNDA:8,(anonymous_5)
FNDA:4,(anonymous_6)
FNDA:7,(anonymous_7)
DA:2,1
DA:4,1
DA:5,8
DA:6,24
DA:9,12
DA:16,8
DA:17,4
DA:18,2
DA:19,8
DA:23,8
DA:28,4
DA:30,4
DA:31,4
DA:33,4
DA:34,4
DA:36,4
DA:37,4
DA:39,4
DA:41,4
DA:49,8
DA:50,7
DA:52,7
DA:53,2
DA:54,2
DA:57,7
DA:58,7
DA:60,7
DA:61,5
DA:64,7
DA:65,18
DA:68,7
DA:69,1
DA:70,1
DA:73,7
LF:34
LH:34
BRDA:17,0,0,2
BRDA:17,0,1,2
BRDA:28,1,0,2
BRDA:28,2,0,3
BRDA:28,3,0,3
BRDA:49,4,0,7
BRDA:52,5,0,2
BRDA:52,5,1,5
BRDA:60,6,0,5
BRDA:60,6,1,2
BRDA:68,7,0,1
BRDA:68,7,1,6
BRF:12
BRH:12
end_of_record
TN:
SF:src\post\model\PostModel.ts
FN:5,(anonymous_0)
FN:15,(anonymous_1)
FNF:2
FNH:2
FNDA:3,(anonymous_0)
FNDA:3,(anonymous_1)
DA:4,1
DA:5,3
DA:12,3
DA:13,3
DA:15,3
DA:21,3
DA:31,3
LF:7
LH:7
BRDA:15,0,0,3
BRDA:15,0,1,1
BRF:2
BRH:2
end_of_record
